2026-01-31T00:38:58.051+05:30  WARN 67381 --- [HikariPool-1 housekeeper] com.zaxxer.hikari.pool.HikariPool        : HikariPool-1 - Thread starvation or clock leap detected (housekeeper delta=1h24m28s407ms).
2026-01-31T01:31:19.720+05:30  WARN 67381 --- [HikariPool-1 housekeeper] com.zaxxer.hikari.pool.HikariPool        : HikariPool-1 - Thread starvation or clock leap detected (housekeeper delta=52m21s669ms).
2026-01-31T02:31:18.496+05:30  WARN 67381 --- [HikariPool-1 housekeeper] com.zaxxer.hikari.pool.HikariPool        : HikariPool-1 - Thread starvation or clock leap detected (housekeeper delta=59m58s776ms).
2026-01-31T03:17:14.485+05:30  WARN 67381 --- [HikariPool-1 housekeeper] com.zaxxer.hikari.pool.HikariPool        : HikariPool-1 - Thread starvation or clock leap detected (housekeeper delta=45m55s989ms).
2026-01-31T04:18:11.268+05:30  WARN 67381 --- [HikariPool-1 housekeeper] com.zaxxer.hikari.pool.HikariPool        : HikariPool-1 - Thread starvation or clock leap detected (housekeeper delta=1h56s783ms).
2026-01-31T05:19:06.554+05:30  WARN 67381 --- [HikariPool-1 housekeeper] com.zaxxer.hikari.pool.HikariPool        : HikariPool-1 - Thread starvation or clock leap detected (housekeeper delta=1h55s286ms).
2026-01-31T05:22:40.586+05:30  WARN 67381 --- [HikariPool-1 housekeeper] com.zaxxer.hikari.pool.HikariPool        : HikariPool-1 - Thread starvation or clock leap detected (housekeeper delta=3m34s32ms).
2026-01-31T06:20:09.755+05:30  WARN 67381 --- [HikariPool-1 housekeeper] com.zaxxer.hikari.pool.HikariPool        : HikariPool-1 - Thread starvation or clock leap detected (housekeeper delta=57m29s169ms).
2026-01-31T07:16:22.501+05:30  WARN 67381 --- [HikariPool-1 housekeeper] com.zaxxer.hikari.pool.HikariPool        : HikariPool-1 - Thread starvation or clock leap detected (housekeeper delta=56m12s746ms).
2026-01-31T08:13:00.960+05:30  WARN 67381 --- [HikariPool-1 housekeeper] com.zaxxer.hikari.pool.HikariPool        : HikariPool-1 - Thread starvation or clock leap detected (housekeeper delta=56m38s459ms).
2026-01-31T08:37:27.753+05:30  WARN 67381 --- [HikariPool-1 housekeeper] com.zaxxer.hikari.pool.HikariPool        : HikariPool-1 - Thread starvation or clock leap detected (housekeeper delta=24m26s793ms).
2026-01-31T09:10:29.717+05:30  WARN 67381 --- [HikariPool-1 housekeeper] com.zaxxer.hikari.pool.HikariPool        : HikariPool-1 - Thread starvation or clock leap detected (housekeeper delta=33m1s964ms).
2026-01-31T09:17:06.128+05:30  WARN 67381 --- [HikariPool-1 housekeeper] com.zaxxer.hikari.pool.HikariPool        : HikariPool-1 - Thread starvation or clock leap detected (housekeeper delta=6m36s411ms).
2026-01-31T10:24:03.597+05:30  WARN 67381 --- [HikariPool-1 housekeeper] com.zaxxer.hikari.pool.HikariPool        : HikariPool-1 - Thread starvation or clock leap detected (housekeeper delta=1h6m57s469ms).
2026-01-31T11:25:07.068+05:30  WARN 67381 --- [HikariPool-1 housekeeper] com.zaxxer.hikari.pool.HikariPool        : HikariPool-1 - Thread starvation or clock leap detected (housekeeper delta=1h1m3s471ms).
2026-01-31T11:56:41.148+05:30  WARN 67381 --- [HikariPool-1 housekeeper] com.zaxxer.hikari.pool.HikariPool        : HikariPool-1 - Thread starvation or clock leap detected (housekeeper delta=31m34s80ms).
2026-01-31T12:26:19.336+05:30  WARN 67381 --- [HikariPool-1 housekeeper] com.zaxxer.hikari.pool.HikariPool        : HikariPool-1 - Thread starvation or clock leap detected (housekeeper delta=29m38s188ms).
2026-01-31T13:27:10.439+05:30  WARN 67381 --- [HikariPool-1 housekeeper] com.zaxxer.hikari.pool.HikariPool        : HikariPool-1 - Thread starvation or clock leap detected (housekeeper delta=1h51s103ms).
2026-01-31T14:28:05.798+05:30  WARN 67381 --- [HikariPool-1 housekeeper] com.zaxxer.hikari.pool.HikariPool        : HikariPool-1 - Thread starvation or clock leap detected (housekeeper delta=1h55s359ms).
2026-01-31T15:18:38.415+05:30  WARN 67381 --- [HikariPool-1 housekeeper] com.zaxxer.hikari.pool.HikariPool        : HikariPool-1 - Thread starvation or clock leap detected (housekeeper delta=50m32s617ms).
2026-01-31T15:22:30.668+05:30  WARN 67381 --- [HikariPool-1 housekeeper] com.zaxxer.hikari.pool.HikariPool        : HikariPool-1 - Thread starvation or clock leap detected (housekeeper delta=3m52s253ms).
2026-01-31T15:34:16.243+05:30  WARN 67381 --- [HikariPool-1 housekeeper] com.zaxxer.hikari.pool.HikariPool        : HikariPool-1 - Thread starvation or clock leap detected (housekeeper delta=11m45s575ms).
{"timestamp":"2026-01-31T15:41:31.077152+05:30","@version":"1","message":"Starting KioskBackendApplication using Java 17.0.18 with PID 69920 (/Users/achyuthkp/Projects/AntiGravity/multiProj/kiosk/backend/target/classes started by achyuthkp in /Users/achyuthkp/Projects/AntiGravity/multiProj/kiosk/backend)","logger":"com.kiosk.backend.KioskBackendApplication","thread":"main","level":"INFO","level_value":20000}
{"timestamp":"2026-01-31T15:41:31.079924+05:30","@version":"1","message":"Running with Spring Boot v3.2.2, Spring v6.1.3","logger":"com.kiosk.backend.KioskBackendApplication","thread":"main","level":"DEBUG","level_value":10000}
{"timestamp":"2026-01-31T15:41:31.080236+05:30","@version":"1","message":"No active profile set, falling back to 1 default profile: \"default\"","logger":"com.kiosk.backend.KioskBackendApplication","thread":"main","level":"INFO","level_value":20000}
{"timestamp":"2026-01-31T15:41:31.268248+05:30","@version":"1","message":"Bootstrapping Spring Data JPA repositories in DEFAULT mode.","logger":"org.springframework.data.repository.config.RepositoryConfigurationDelegate","thread":"main","level":"INFO","level_value":20000}
{"timestamp":"2026-01-31T15:41:31.295724+05:30","@version":"1","message":"Finished Spring Data repository scanning in 25 ms. Found 12 JPA repository interfaces.","logger":"org.springframework.data.repository.config.RepositoryConfigurationDelegate","thread":"main","level":"INFO","level_value":20000}
{"timestamp":"2026-01-31T15:41:31.446218+05:30","@version":"1","message":"Tomcat initialized with port 8080 (http)","logger":"org.springframework.boot.web.embedded.tomcat.TomcatWebServer","thread":"main","level":"INFO","level_value":20000}
{"timestamp":"2026-01-31T15:41:31.449719+05:30","@version":"1","message":"Starting service [Tomcat]","logger":"org.apache.catalina.core.StandardService","thread":"main","level":"INFO","level_value":20000}
{"timestamp":"2026-01-31T15:41:31.449866+05:30","@version":"1","message":"Starting Servlet engine: [Apache Tomcat/10.1.18]","logger":"org.apache.catalina.core.StandardEngine","thread":"main","level":"INFO","level_value":20000}
{"timestamp":"2026-01-31T15:41:31.467283+05:30","@version":"1","message":"Initializing Spring embedded WebApplicationContext","logger":"org.apache.catalina.core.ContainerBase.[Tomcat].[localhost].[/]","thread":"main","level":"INFO","level_value":20000}
{"timestamp":"2026-01-31T15:41:31.467719+05:30","@version":"1","message":"Root WebApplicationContext: initialization completed in 375 ms","logger":"org.springframework.boot.web.servlet.context.ServletWebServerApplicationContext","thread":"main","level":"INFO","level_value":20000}
{"timestamp":"2026-01-31T15:41:31.504398+05:30","@version":"1","message":"HHH000204: Processing PersistenceUnitInfo [name: default]","logger":"org.hibernate.jpa.internal.util.LogHelper","thread":"main","level":"INFO","level_value":20000}
{"timestamp":"2026-01-31T15:41:31.519064+05:30","@version":"1","message":"HHH000412: Hibernate ORM core version 6.4.1.Final","logger":"org.hibernate.Version","thread":"main","level":"INFO","level_value":20000}
{"timestamp":"2026-01-31T15:41:31.530828+05:30","@version":"1","message":"HHH000026: Second-level cache disabled","logger":"org.hibernate.cache.internal.RegionFactoryInitiator","thread":"main","level":"INFO","level_value":20000}
{"timestamp":"2026-01-31T15:41:31.590955+05:30","@version":"1","message":"No LoadTimeWeaver setup: ignoring JPA class transformer","logger":"org.springframework.orm.jpa.persistenceunit.SpringPersistenceUnitInfo","thread":"main","level":"INFO","level_value":20000}
{"timestamp":"2026-01-31T15:41:31.598082+05:30","@version":"1","message":"HikariPool-1 - Starting...","logger":"com.zaxxer.hikari.HikariDataSource","thread":"main","level":"INFO","level_value":20000}
{"timestamp":"2026-01-31T15:41:31.635624+05:30","@version":"1","message":"HikariPool-1 - Added connection org.postgresql.jdbc.PgConnection@53f495f0","logger":"com.zaxxer.hikari.pool.HikariPool","thread":"main","level":"INFO","level_value":20000}
{"timestamp":"2026-01-31T15:41:31.636138+05:30","@version":"1","message":"HikariPool-1 - Start completed.","logger":"com.zaxxer.hikari.HikariDataSource","thread":"main","level":"INFO","level_value":20000}
{"timestamp":"2026-01-31T15:41:31.647248+05:30","@version":"1","message":"HHH90000025: PostgreSQLDialect does not need to be specified explicitly using 'hibernate.dialect' (remove the property setting and it will be selected by default)","logger":"org.hibernate.orm.deprecation","thread":"main","level":"WARN","level_value":30000}
{"timestamp":"2026-01-31T15:41:31.94074+05:30","@version":"1","message":"HHH000489: No JTA platform available (set 'hibernate.transaction.jta.platform' to enable JTA platform integration)","logger":"org.hibernate.engine.transaction.jta.platform.internal.JtaPlatformInitiator","thread":"main","level":"INFO","level_value":20000}
{"timestamp":"2026-01-31T15:41:31.969321+05:30","@version":"1","message":"Initialized JPA EntityManagerFactory for persistence unit 'default'","logger":"org.springframework.orm.jpa.LocalContainerEntityManagerFactoryBean","thread":"main","level":"INFO","level_value":20000}
{"timestamp":"2026-01-31T15:41:32.077313+05:30","@version":"1","message":"Filter 'jwtAuthenticationFilter' configured for use","logger":"com.kiosk.backend.security.JwtAuthenticationFilter","thread":"main","level":"DEBUG","level_value":10000}
{"timestamp":"2026-01-31T15:41:32.077492+05:30","@version":"1","message":"Filter 'rateLimitFilter' configured for use","logger":"com.kiosk.backend.filter.RateLimitFilter","thread":"main","level":"DEBUG","level_value":10000}
{"timestamp":"2026-01-31T15:41:32.077664+05:30","@version":"1","message":"Filter 'requestLoggingFilter' configured for use","logger":"com.kiosk.backend.filter.RequestLoggingFilter","thread":"main","level":"DEBUG","level_value":10000}
{"timestamp":"2026-01-31T15:41:32.077826+05:30","@version":"1","message":"Filter 'encryptionFilter' configured for use","logger":"com.kiosk.backend.filter.EncryptionFilter","thread":"main","level":"DEBUG","level_value":10000}
{"timestamp":"2026-01-31T15:41:32.07796+05:30","@version":"1","message":"Filter 'idempotencyFilter' configured for use","logger":"com.kiosk.backend.filter.IdempotencyFilter","thread":"main","level":"DEBUG","level_value":10000}
{"timestamp":"2026-01-31T15:41:32.191254+05:30","@version":"1","message":"spring.jpa.open-in-view is enabled by default. Therefore, database queries may be performed during view rendering. Explicitly configure spring.jpa.open-in-view to disable this warning","logger":"org.springframework.boot.autoconfigure.orm.jpa.JpaBaseConfiguration$JpaWebConfiguration","thread":"main","level":"WARN","level_value":30000}
{"timestamp":"2026-01-31T15:41:32.197301+05:30","@version":"1","message":"\n\nUsing generated security password: c1e9aa04-0f53-4cfa-b96d-7f419ebfa992\n\nThis generated password is for development use only. Your security configuration must be updated before running your application in production.\n","logger":"org.springframework.boot.autoconfigure.security.servlet.UserDetailsServiceAutoConfiguration","thread":"main","level":"WARN","level_value":30000}
{"timestamp":"2026-01-31T15:41:32.264679+05:30","@version":"1","message":"Will secure any request with [org.springframework.security.web.session.DisableEncodeUrlFilter@3bfead8d, org.springframework.security.web.context.request.async.WebAsyncManagerIntegrationFilter@5799b8a2, org.springframework.security.web.context.SecurityContextHolderFilter@551976c2, org.springframework.security.web.header.HeaderWriterFilter@569b3009, org.springframework.web.filter.CorsFilter@5f662dd, org.springframework.security.web.authentication.logout.LogoutFilter@335a45a8, com.kiosk.backend.filter.EncryptionFilter@46ef7340, com.kiosk.backend.security.JwtAuthenticationFilter@401d83ce, com.kiosk.backend.filter.RateLimitFilter@79735611, org.springframework.security.web.savedrequest.RequestCacheAwareFilter@5f815f93, org.springframework.security.web.servletapi.SecurityContextHolderAwareRequestFilter@7a8e484b, org.springframework.security.web.authentication.AnonymousAuthenticationFilter@38568876, org.springframework.security.web.session.SessionManagementFilter@686ace1f, org.springframework.security.web.access.ExceptionTranslationFilter@4615bc00, org.springframework.security.web.access.intercept.AuthorizationFilter@4512f5f1]","logger":"org.springframework.security.web.DefaultSecurityFilterChain","thread":"main","level":"INFO","level_value":20000}
{"timestamp":"2026-01-31T15:41:32.331429+05:30","@version":"1","message":"Tomcat started on port 8080 (http) with context path ''","logger":"org.springframework.boot.web.embedded.tomcat.TomcatWebServer","thread":"main","level":"INFO","level_value":20000}
{"timestamp":"2026-01-31T15:41:32.334824+05:30","@version":"1","message":"Started KioskBackendApplication in 1.443 seconds (process running for 1.54)","logger":"com.kiosk.backend.KioskBackendApplication","thread":"main","level":"INFO","level_value":20000}
{"timestamp":"2026-01-31T15:53:52.669743+05:30","@version":"1","message":"Starting CircuitBreakerTest using Java 17.0.18 with PID 71974 (started by achyuthkp in /Users/achyuthkp/Projects/AntiGravity/multiProj/kiosk/backend)","logger":"com.kiosk.backend.service.CircuitBreakerTest","thread":"main","level":"INFO","level_value":20000}
{"timestamp":"2026-01-31T15:53:52.675453+05:30","@version":"1","message":"Running with Spring Boot v3.2.2, Spring v6.1.3","logger":"com.kiosk.backend.service.CircuitBreakerTest","thread":"main","level":"DEBUG","level_value":10000}
{"timestamp":"2026-01-31T15:53:52.676016+05:30","@version":"1","message":"No active profile set, falling back to 1 default profile: \"default\"","logger":"com.kiosk.backend.service.CircuitBreakerTest","thread":"main","level":"INFO","level_value":20000}
{"timestamp":"2026-01-31T15:53:52.916554+05:30","@version":"1","message":"Bootstrapping Spring Data JPA repositories in DEFAULT mode.","logger":"org.springframework.data.repository.config.RepositoryConfigurationDelegate","thread":"main","level":"INFO","level_value":20000}
{"timestamp":"2026-01-31T15:53:52.946246+05:30","@version":"1","message":"Finished Spring Data repository scanning in 26 ms. Found 12 JPA repository interfaces.","logger":"org.springframework.data.repository.config.RepositoryConfigurationDelegate","thread":"main","level":"INFO","level_value":20000}
{"timestamp":"2026-01-31T15:53:53.225344+05:30","@version":"1","message":"HHH000204: Processing PersistenceUnitInfo [name: default]","logger":"org.hibernate.jpa.internal.util.LogHelper","thread":"main","level":"INFO","level_value":20000}
{"timestamp":"2026-01-31T15:53:53.250284+05:30","@version":"1","message":"HHH000412: Hibernate ORM core version 6.4.1.Final","logger":"org.hibernate.Version","thread":"main","level":"INFO","level_value":20000}
{"timestamp":"2026-01-31T15:53:53.272616+05:30","@version":"1","message":"HHH000026: Second-level cache disabled","logger":"org.hibernate.cache.internal.RegionFactoryInitiator","thread":"main","level":"INFO","level_value":20000}
{"timestamp":"2026-01-31T15:53:53.356297+05:30","@version":"1","message":"No LoadTimeWeaver setup: ignoring JPA class transformer","logger":"org.springframework.orm.jpa.persistenceunit.SpringPersistenceUnitInfo","thread":"main","level":"INFO","level_value":20000}
{"timestamp":"2026-01-31T15:53:53.364766+05:30","@version":"1","message":"HikariPool-1 - Starting...","logger":"com.zaxxer.hikari.HikariDataSource","thread":"main","level":"INFO","level_value":20000}
{"timestamp":"2026-01-31T15:53:53.405108+05:30","@version":"1","message":"HikariPool-1 - Added connection org.postgresql.jdbc.PgConnection@45f0038","logger":"com.zaxxer.hikari.pool.HikariPool","thread":"main","level":"INFO","level_value":20000}
{"timestamp":"2026-01-31T15:53:53.406326+05:30","@version":"1","message":"HikariPool-1 - Start completed.","logger":"com.zaxxer.hikari.HikariDataSource","thread":"main","level":"INFO","level_value":20000}
{"timestamp":"2026-01-31T15:53:53.417973+05:30","@version":"1","message":"HHH90000025: PostgreSQLDialect does not need to be specified explicitly using 'hibernate.dialect' (remove the property setting and it will be selected by default)","logger":"org.hibernate.orm.deprecation","thread":"main","level":"WARN","level_value":30000}
{"timestamp":"2026-01-31T15:53:53.745226+05:30","@version":"1","message":"HHH000489: No JTA platform available (set 'hibernate.transaction.jta.platform' to enable JTA platform integration)","logger":"org.hibernate.engine.transaction.jta.platform.internal.JtaPlatformInitiator","thread":"main","level":"INFO","level_value":20000}
{"timestamp":"2026-01-31T15:53:53.776062+05:30","@version":"1","message":"Initialized JPA EntityManagerFactory for persistence unit 'default'","logger":"org.springframework.orm.jpa.LocalContainerEntityManagerFactoryBean","thread":"main","level":"INFO","level_value":20000}
{"timestamp":"2026-01-31T15:53:54.206361+05:30","@version":"1","message":"spring.jpa.open-in-view is enabled by default. Therefore, database queries may be performed during view rendering. Explicitly configure spring.jpa.open-in-view to disable this warning","logger":"org.springframework.boot.autoconfigure.orm.jpa.JpaBaseConfiguration$JpaWebConfiguration","thread":"main","level":"WARN","level_value":30000}
{"timestamp":"2026-01-31T15:53:54.223526+05:30","@version":"1","message":"\n\nUsing generated security password: bc3c26c0-cce6-4099-9220-cf344de2cab8\n\nThis generated password is for development use only. Your security configuration must be updated before running your application in production.\n","logger":"org.springframework.boot.autoconfigure.security.servlet.UserDetailsServiceAutoConfiguration","thread":"main","level":"WARN","level_value":30000}
{"timestamp":"2026-01-31T15:53:54.356377+05:30","@version":"1","message":"Will secure any request with [org.springframework.security.web.session.DisableEncodeUrlFilter@5632bed3, org.springframework.security.web.context.request.async.WebAsyncManagerIntegrationFilter@20307cb9, org.springframework.security.web.context.SecurityContextHolderFilter@538c90bf, org.springframework.security.web.header.HeaderWriterFilter@5c44bce3, org.springframework.web.filter.CorsFilter@19a2b224, org.springframework.security.web.authentication.logout.LogoutFilter@57f076bd, com.kiosk.backend.filter.EncryptionFilter@3aafa1c1, com.kiosk.backend.security.JwtAuthenticationFilter@9e092b5, com.kiosk.backend.filter.RateLimitFilter@8eda949, org.springframework.security.web.savedrequest.RequestCacheAwareFilter@3d3709d0, org.springframework.security.web.servletapi.SecurityContextHolderAwareRequestFilter@3ab2d64c, org.springframework.security.web.authentication.AnonymousAuthenticationFilter@2251cc2e, org.springframework.security.web.session.SessionManagementFilter@6baa673d, org.springframework.security.web.access.ExceptionTranslationFilter@7c3b8b26, org.springframework.security.web.access.intercept.AuthorizationFilter@7d28d525]","logger":"org.springframework.security.web.DefaultSecurityFilterChain","thread":"main","level":"INFO","level_value":20000}
{"timestamp":"2026-01-31T15:53:54.606838+05:30","@version":"1","message":"Started CircuitBreakerTest in 2.092 seconds (process running for 2.409)","logger":"com.kiosk.backend.service.CircuitBreakerTest","thread":"main","level":"INFO","level_value":20000}
{"timestamp":"2026-01-31T15:53:54.872069+05:30","@version":"1","message":"Closing JPA EntityManagerFactory for persistence unit 'default'","logger":"org.springframework.orm.jpa.LocalContainerEntityManagerFactoryBean","thread":"SpringApplicationShutdownHook","level":"INFO","level_value":20000}
{"timestamp":"2026-01-31T15:53:54.873039+05:30","@version":"1","message":"HikariPool-1 - Shutdown initiated...","logger":"com.zaxxer.hikari.HikariDataSource","thread":"SpringApplicationShutdownHook","level":"INFO","level_value":20000}
{"timestamp":"2026-01-31T15:53:54.874232+05:30","@version":"1","message":"HikariPool-1 - Shutdown completed.","logger":"com.zaxxer.hikari.HikariDataSource","thread":"SpringApplicationShutdownHook","level":"INFO","level_value":20000}
